TN:
SF:errors.js
FN:2,BaseError
FN:8,<instance_members_initializer>
FN:11,ComputationFailedError
FNDA:2,BaseError
FNDA:1,<instance_members_initializer>
FNDA:1,ComputationFailedError
FNF:3
FNH:3
BRDA:1,0,0,1
BRDA:2,1,0,2
BRDA:8,2,0,1
BRDA:11,3,0,1
BRF:4
BRH:4
DA:1,1
DA:2,1
DA:3,2
DA:4,2
DA:5,2
DA:6,1
DA:7,1
DA:8,1
DA:9,1
DA:10,1
DA:11,1
DA:12,1
DA:13,1
DA:14,1
DA:15,1
DA:16,1
DA:17,1
LH:17
LF:17
end_of_record
SF:persistent-computation-context.js
FN:23,<instance_members_initializer>
FN:24,<static_initializer>
FN:33,read
FN:36,write
FN:39,exists
FN:65,PersistentComputationContext
FN:92,run
FN:118,maybeRecover
FN:159,save
FN:173,flushRecoveryData
FN:177,hasRecoveryData
FN:192,getStepValue
FN:198,sameDeps
FN:202,debug
FN:208,verbose
FN:214,log
FN:218,pushResult
FN:222,getResult
FN:226,getLastResult
FN:230,getResultByName
FN:231,anonymous_20
FNDA:22,<instance_members_initializer>
FNDA:1,<static_initializer>
FNDA:0,read
FNDA:0,write
FNDA:0,exists
FNDA:22,PersistentComputationContext
FNDA:7,run
FNDA:19,maybeRecover
FNDA:9,save
FNDA:1,flushRecoveryData
FNDA:11,hasRecoveryData
FNDA:3,getStepValue
FNDA:9,sameDeps
FNDA:48,debug
FNDA:22,verbose
FNDA:4,log
FNDA:6,pushResult
FNDA:2,getResult
FNDA:4,getLastResult
FNDA:2,getResultByName
FNDA:3,anonymous_20
FNF:21
FNH:21
BRDA:1,0,0,1
BRDA:23,1,0,22
BRDA:24,2,0,1
BRDA:65,3,0,22
BRDA:92,4,0,6
BRDA:97,5,0,7
BRDA:106,6,0,6
BRDA:108,7,0,1
BRDA:115,8,0,5
BRDA:118,9,0,19
BRDA:120,10,0,1
BRDA:123,11,0,18
BRDA:128,12,0,0
BRDA:131,13,0,18
BRDA:131,14,0,1
BRDA:134,15,0,17
BRDA:139,16,0,8
BRDA:142,17,0,9
BRDA:144,18,0,8
BRDA:150,19,0,1
BRDA:159,20,0,9
BRDA:160,21,0,1
BRDA:164,22,0,8
BRDA:165,23,0,4
BRDA:173,24,0,1
BRDA:177,25,0,11
BRDA:179,26,0,4
BRDA:181,27,0,7
BRDA:183,28,0,4
BRDA:186,29,0,3
BRDA:192,30,0,3
BRDA:198,31,0,9
BRDA:202,32,0,48
BRDA:203,33,0,2
BRDA:208,34,0,22
BRDA:209,35,0,1
BRDA:214,36,0,4
BRDA:218,37,0,6
BRDA:222,38,0,2
BRDA:226,39,0,4
BRDA:230,40,0,2
BRDA:231,41,0,3
BRF:42
BRH:41
DA:1,1
DA:2,1
DA:3,1
DA:4,1
DA:5,1
DA:6,1
DA:7,1
DA:8,1
DA:9,1
DA:10,1
DA:11,1
DA:12,1
DA:13,1
DA:14,1
DA:15,1
DA:16,1
DA:17,1
DA:18,1
DA:19,1
DA:20,1
DA:21,1
DA:22,1
DA:23,1
DA:24,22
DA:25,1
DA:26,1
DA:27,1
DA:28,1
DA:29,1
DA:30,1
DA:31,1
DA:44,1
DA:45,22
DA:46,22
DA:47,22
DA:48,22
DA:49,22
DA:50,22
DA:51,22
DA:52,22
DA:53,22
DA:54,22
DA:55,22
DA:56,22
DA:57,22
DA:58,22
DA:59,22
DA:60,22
DA:61,22
DA:62,22
DA:63,22
DA:64,22
DA:65,22
DA:66,22
DA:67,22
DA:68,22
DA:69,22
DA:70,22
DA:71,22
DA:72,22
DA:73,22
DA:74,22
DA:75,22
DA:76,22
DA:77,22
DA:78,22
DA:79,22
DA:80,22
DA:81,22
DA:82,22
DA:83,22
DA:84,22
DA:85,22
DA:86,22
DA:87,22
DA:88,22
DA:89,22
DA:90,22
DA:91,22
DA:92,22
DA:93,6
DA:94,6
DA:95,6
DA:96,6
DA:97,6
DA:98,7
DA:99,7
DA:100,7
DA:101,7
DA:102,7
DA:103,7
DA:104,7
DA:105,7
DA:106,7
DA:107,6
DA:108,7
DA:109,1
DA:110,1
DA:111,1
DA:112,1
DA:113,1
DA:114,1
DA:115,7
DA:116,6
DA:117,22
DA:118,22
DA:119,19
DA:120,19
DA:121,1
DA:122,1
DA:123,1
DA:124,18
DA:125,18
DA:126,18
DA:127,18
DA:128,19
DA:129,19
DA:130,19
DA:131,19
DA:132,1
DA:133,1
DA:134,1
DA:135,17
DA:136,17
DA:137,17
DA:138,17
DA:139,19
DA:140,8
DA:141,8
DA:142,8
DA:143,9
DA:144,19
DA:145,8
DA:146,8
DA:147,8
DA:148,8
DA:149,8
DA:150,8
DA:151,1
DA:152,1
DA:153,1
DA:154,1
DA:155,1
DA:156,1
DA:157,19
DA:158,22
DA:159,22
DA:160,9
DA:161,1
DA:162,1
DA:163,9
DA:164,9
DA:165,8
DA:166,4
DA:167,4
DA:168,8
DA:169,8
DA:170,8
DA:171,9
DA:172,22
DA:173,22
DA:174,1
DA:175,1
DA:176,22
DA:177,22
DA:178,11
DA:179,11
DA:180,4
DA:181,4
DA:182,7
DA:183,11
DA:184,4
DA:185,4
DA:186,4
DA:187,3
DA:188,3
DA:189,3
DA:190,11
DA:191,22
DA:192,22
DA:193,3
DA:194,3
DA:195,3
DA:196,3
DA:197,22
DA:198,22
DA:199,9
DA:200,9
DA:201,22
DA:202,22
DA:203,48
DA:204,2
DA:205,2
DA:206,48
DA:207,22
DA:208,22
DA:209,22
DA:210,1
DA:211,1
DA:212,22
DA:213,22
DA:214,22
DA:215,4
DA:216,4
DA:217,22
DA:218,22
DA:219,6
DA:220,6
DA:221,22
DA:222,22
DA:223,2
DA:224,2
DA:225,22
DA:226,22
DA:227,4
DA:228,4
DA:229,22
DA:230,22
DA:231,2
DA:232,2
DA:233,22
LH:233
LF:233
end_of_record
SF:persistent-computation.js
FN:1,<instance_members_initializer>
FN:8,PersistentComputation
FN:12,get hasRecoveryData
FN:16,get currentStepIndex
FN:20,run
FN:24,markRecovered
FN:31,step
FNDA:10,<instance_members_initializer>
FNDA:10,PersistentComputation
FNDA:2,get hasRecoveryData
FNDA:19,get currentStepIndex
FNDA:1,run
FNDA:8,markRecovered
FNDA:11,step
FNF:7
FNH:7
BRDA:1,0,0,1
BRDA:1,1,0,10
BRDA:8,2,0,10
BRDA:12,3,0,2
BRDA:16,4,0,19
BRDA:20,5,0,1
BRDA:24,6,0,8
BRDA:31,7,0,11
BRDA:32,8,0,3
BRDA:37,9,0,8
BRF:10
BRH:10
DA:1,1
DA:2,10
DA:3,10
DA:4,10
DA:5,10
DA:6,10
DA:7,10
DA:8,10
DA:9,10
DA:10,10
DA:11,10
DA:12,10
DA:13,2
DA:14,2
DA:15,10
DA:16,10
DA:17,19
DA:18,19
DA:19,10
DA:20,10
DA:21,1
DA:22,1
DA:23,10
DA:24,10
DA:25,8
DA:26,8
DA:27,10
DA:28,10
DA:29,10
DA:30,10
DA:31,10
DA:32,11
DA:33,3
DA:34,3
DA:35,3
DA:36,3
DA:37,3
DA:38,8
DA:39,8
DA:40,8
DA:41,8
DA:42,8
DA:43,8
DA:44,8
DA:45,11
DA:46,10
LH:46
LF:46
end_of_record
SF:tests/index.js
FNF:0
FNH:0
BRDA:1,0,0,1
BRF:1
BRH:1
DA:1,1
DA:2,1
LH:2
LF:2
end_of_record
SF:tests/persistent-computation-context.spec.js
FN:9,anonymous_0
FN:15,anonymous_1
FN:16,anonymous_2
FN:17,anonymous_3
FN:29,anonymous_4
FN:39,anonymous_5
FN:40,anonymous_6
FN:50,anonymous_7
FN:59,anonymous_8
FN:67,anonymous_9
FN:77,anonymous_10
FN:92,transport.read
FN:99,anonymous_12
FN:101,read
FN:111,anonymous_14
FN:127,anonymous_15
FN:143,anonymous_16
FN:155,anonymous_17
FN:172,anonymous_18
FN:173,anonymous_19
FN:177,anonymous_20
FN:177,anonymous_21
FN:189,anonymous_22
FN:190,anonymous_23
FN:191,anonymous_24
FN:203,anonymous_25
FN:204,anonymous_26
FN:215,anonymous_27
FN:226,anonymous_28
FN:237,anonymous_29
FN:238,anonymous_30
FN:249,anonymous_31
FN:261,anonymous_32
FN:262,anonymous_33
FNDA:22,anonymous_0
FNDA:1,anonymous_1
FNDA:1,anonymous_2
FNDA:1,anonymous_3
FNDA:1,anonymous_4
FNDA:1,anonymous_5
FNDA:1,anonymous_6
FNDA:1,anonymous_7
FNDA:1,anonymous_8
FNDA:1,anonymous_9
FNDA:8,anonymous_10
FNDA:8,transport.read
FNDA:1,anonymous_12
FNDA:1,read
FNDA:1,anonymous_14
FNDA:1,anonymous_15
FNDA:1,anonymous_16
FNDA:1,anonymous_17
FNDA:1,anonymous_18
FNDA:1,anonymous_19
FNDA:1,anonymous_20
FNDA:1,anonymous_21
FNDA:1,anonymous_22
FNDA:1,anonymous_23
FNDA:1,anonymous_24
FNDA:1,anonymous_25
FNDA:1,anonymous_26
FNDA:1,anonymous_27
FNDA:1,anonymous_28
FNDA:1,anonymous_29
FNDA:1,anonymous_30
FNDA:1,anonymous_31
FNDA:1,anonymous_32
FNDA:1,anonymous_33
FNF:34
FNH:34
BRDA:1,0,0,1
BRDA:9,1,0,22
BRDA:15,2,0,1
BRDA:16,3,0,1
BRDA:17,4,0,1
BRDA:29,5,0,1
BRDA:39,6,0,1
BRDA:40,7,0,1
BRDA:50,8,0,1
BRDA:59,9,0,1
BRDA:67,10,0,1
BRDA:77,11,0,1
BRDA:91,12,0,8
BRDA:92,13,0,8
BRDA:99,14,0,1
BRDA:101,15,0,1
BRDA:111,16,0,1
BRDA:127,17,0,1
BRDA:143,18,0,1
BRDA:155,19,0,1
BRDA:172,20,0,1
BRDA:173,21,0,1
BRDA:177,22,0,1
BRDA:177,23,0,1
BRDA:189,24,0,1
BRDA:190,25,0,1
BRDA:191,26,0,1
BRDA:203,27,0,1
BRDA:204,28,0,1
BRDA:215,29,0,1
BRDA:226,30,0,1
BRDA:237,31,0,1
BRDA:238,32,0,1
BRDA:249,33,0,1
BRDA:261,34,0,1
BRDA:262,35,0,1
BRF:36
BRH:36
DA:1,1
DA:2,1
DA:3,1
DA:4,1
DA:5,1
DA:6,1
DA:7,1
DA:8,1
DA:9,1
DA:10,22
DA:11,22
DA:12,22
DA:13,1
DA:14,1
DA:15,1
DA:16,1
DA:17,1
DA:18,1
DA:19,1
DA:20,1
DA:21,1
DA:22,1
DA:23,1
DA:24,1
DA:25,1
DA:26,1
DA:27,1
DA:28,1
DA:29,1
DA:30,1
DA:31,1
DA:32,1
DA:33,1
DA:34,1
DA:35,1
DA:36,1
DA:37,1
DA:38,1
DA:39,1
DA:40,1
DA:41,1
DA:42,1
DA:43,1
DA:44,1
DA:45,1
DA:46,1
DA:47,1
DA:48,1
DA:49,1
DA:50,1
DA:51,1
DA:52,1
DA:53,1
DA:54,1
DA:55,1
DA:56,1
DA:57,1
DA:58,1
DA:59,1
DA:60,1
DA:61,1
DA:62,1
DA:63,1
DA:64,1
DA:65,1
DA:66,1
DA:67,1
DA:68,1
DA:69,1
DA:70,1
DA:71,1
DA:72,1
DA:73,1
DA:74,1
DA:75,1
DA:76,1
DA:77,1
DA:78,1
DA:79,1
DA:80,1
DA:81,1
DA:82,1
DA:83,1
DA:84,1
DA:85,1
DA:86,1
DA:87,1
DA:88,1
DA:89,1
DA:90,1
DA:91,1
DA:92,8
DA:93,8
DA:94,8
DA:95,8
DA:96,8
DA:97,1
DA:98,1
DA:99,1
DA:100,1
DA:101,1
DA:102,1
DA:103,1
DA:104,1
DA:105,1
DA:106,1
DA:107,1
DA:108,1
DA:109,1
DA:110,1
DA:111,1
DA:112,1
DA:113,1
DA:114,1
DA:115,1
DA:116,1
DA:117,1
DA:118,1
DA:119,1
DA:120,1
DA:121,1
DA:122,1
DA:123,1
DA:124,1
DA:125,1
DA:126,1
DA:127,1
DA:128,1
DA:129,1
DA:130,1
DA:131,1
DA:132,1
DA:133,1
DA:134,1
DA:135,1
DA:136,1
DA:137,1
DA:138,1
DA:139,1
DA:140,1
DA:141,1
DA:142,1
DA:143,1
DA:144,1
DA:145,1
DA:146,1
DA:147,1
DA:148,1
DA:149,1
DA:150,1
DA:151,1
DA:152,1
DA:153,1
DA:154,1
DA:155,1
DA:156,1
DA:157,1
DA:158,1
DA:159,1
DA:160,1
DA:161,1
DA:162,1
DA:163,1
DA:164,1
DA:165,1
DA:166,1
DA:167,1
DA:168,1
DA:169,1
DA:170,1
DA:171,1
DA:172,1
DA:173,1
DA:174,1
DA:175,1
DA:176,1
DA:177,1
DA:178,1
DA:179,1
DA:180,1
DA:181,1
DA:182,1
DA:183,1
DA:184,1
DA:185,1
DA:186,1
DA:187,1
DA:188,1
DA:189,1
DA:190,1
DA:191,1
DA:192,1
DA:193,1
DA:194,1
DA:195,1
DA:196,1
DA:197,1
DA:198,1
DA:199,1
DA:200,1
DA:201,1
DA:202,1
DA:203,1
DA:204,1
DA:205,1
DA:206,1
DA:207,1
DA:208,1
DA:209,1
DA:210,1
DA:211,1
DA:212,1
DA:213,1
DA:214,1
DA:215,1
DA:216,1
DA:217,1
DA:218,1
DA:219,1
DA:220,1
DA:221,1
DA:222,1
DA:223,1
DA:224,1
DA:225,1
DA:226,1
DA:227,1
DA:228,1
DA:229,1
DA:230,1
DA:231,1
DA:232,1
DA:233,1
DA:234,1
DA:235,1
DA:236,1
DA:237,1
DA:238,1
DA:239,1
DA:240,1
DA:241,1
DA:242,1
DA:243,1
DA:244,1
DA:245,1
DA:246,1
DA:247,1
DA:248,1
DA:249,1
DA:250,1
DA:251,1
DA:252,1
DA:253,1
DA:254,1
DA:255,1
DA:256,1
DA:257,1
DA:258,1
DA:259,1
DA:260,1
DA:261,1
DA:262,1
DA:263,1
DA:264,1
DA:265,1
DA:266,1
DA:267,1
DA:268,1
DA:269,1
DA:270,1
DA:271,1
DA:272,1
DA:273,1
DA:274,1
DA:275,1
DA:276,1
DA:277,1
DA:278,1
DA:279,1
DA:280,1
DA:281,1
DA:282,1
DA:283,1
DA:284,1
LH:284
LF:284
end_of_record
SF:tests/persistent-computation.spec.js
FN:7,anonymous_0
FN:8,anonymous_1
FN:11,anonymous_2
FN:14,anonymous_3
FN:23,anonymous_4
FN:24,anonymous_5
FNDA:1,anonymous_0
FNDA:1,anonymous_1
FNDA:1,anonymous_2
FNDA:1,anonymous_3
FNDA:1,anonymous_4
FNDA:1,anonymous_5
FNF:6
FNH:6
BRDA:1,0,0,1
BRDA:7,1,0,1
BRDA:8,2,0,1
BRDA:11,3,0,1
BRDA:14,4,0,1
BRDA:23,5,0,1
BRDA:24,6,0,1
BRF:7
BRH:7
DA:1,1
DA:2,1
DA:3,1
DA:4,1
DA:5,1
DA:6,1
DA:7,1
DA:8,1
DA:9,1
DA:10,1
DA:11,1
DA:12,1
DA:13,1
DA:14,1
DA:15,1
DA:16,1
DA:17,1
DA:18,1
DA:19,1
DA:20,1
DA:21,1
DA:22,1
DA:23,1
DA:24,1
DA:25,1
DA:26,1
DA:27,1
DA:28,1
DA:29,1
DA:30,1
DA:31,1
DA:32,1
DA:33,1
DA:34,1
DA:35,1
DA:36,1
DA:37,1
DA:38,1
DA:39,1
DA:40,1
LH:40
LF:40
end_of_record
SF:tests/utils.js
FN:8,<static_initializer>
FN:8,anonymous_1
FN:10,run
FN:20,anonymous_3
FN:21,<static_initializer>
FN:21,anonymous_5
FN:23,run
FN:35,run
FN:40,mockTransport
FN:43,read
FN:48,anonymous_10
FN:54,transportWithData
FN:56,read
FN:60,NOOP
FNDA:1,<static_initializer>
FNDA:1,anonymous_1
FNDA:2,run
FNDA:2,anonymous_3
FNDA:1,<static_initializer>
FNDA:4,anonymous_5
FNDA:4,run
FNDA:1,run
FNDA:11,mockTransport
FNDA:2,read
FNDA:17,anonymous_10
FNDA:6,transportWithData
FNDA:6,read
FNDA:1,NOOP
FNF:14
FNH:14
BRDA:1,0,0,1
BRDA:8,1,0,1
BRDA:8,2,0,1
BRDA:10,3,0,2
BRDA:20,4,0,2
BRDA:21,5,0,1
BRDA:21,6,0,4
BRDA:23,7,0,4
BRDA:35,8,0,1
BRDA:40,9,0,11
BRDA:43,10,0,2
BRDA:48,11,0,17
BRDA:54,12,0,6
BRDA:56,13,0,6
BRDA:60,14,0,1
BRF:15
BRH:15
DA:1,1
DA:2,1
DA:3,1
DA:4,1
DA:5,1
DA:6,1
DA:7,1
DA:8,1
DA:9,1
DA:10,1
DA:11,2
DA:12,2
DA:13,1
DA:14,1
DA:15,1
DA:16,1
DA:17,1
DA:18,1
DA:19,1
DA:20,1
DA:21,1
DA:22,1
DA:23,1
DA:24,4
DA:25,4
DA:26,4
DA:27,4
DA:28,4
DA:29,4
DA:30,4
DA:31,4
DA:32,1
DA:33,1
DA:34,1
DA:35,1
DA:36,1
DA:37,1
DA:38,1
DA:39,1
DA:40,1
DA:41,11
DA:42,11
DA:43,11
DA:44,11
DA:45,11
DA:46,11
DA:47,11
DA:48,11
DA:49,11
DA:50,11
DA:51,11
DA:52,11
DA:53,1
DA:54,1
DA:55,6
DA:56,6
DA:57,6
DA:58,6
DA:59,1
DA:60,1
DA:61,1
LH:61
LF:61
end_of_record
SF:utils.js
FNF:0
FNH:0
BRDA:1,0,0,1
BRF:1
BRH:1
DA:1,1
DA:2,1
DA:3,1
DA:4,1
DA:5,1
DA:6,1
DA:7,1
DA:8,1
DA:9,1
LH:9
LF:9
end_of_record
